mode: set
github.com/LastMile-Innovations/snid/internal/vector/float32.go:8.41,9.37 1 0
github.com/LastMile-Innovations/snid/internal/vector/float32.go:9.37,11.3 1 0
github.com/LastMile-Innovations/snid/internal/vector/float32.go:12.2,12.25 1 0
github.com/LastMile-Innovations/snid/internal/vector/float32.go:16.54,17.37 1 0
github.com/LastMile-Innovations/snid/internal/vector/float32.go:17.37,19.3 1 0
github.com/LastMile-Innovations/snid/internal/vector/float32.go:21.2,25.30 4 0
github.com/LastMile-Innovations/snid/internal/vector/float32.go:25.30,27.3 1 0
github.com/LastMile-Innovations/snid/internal/vector/float32.go:29.2,29.88 1 0
github.com/LastMile-Innovations/snid/internal/vector/float32.go:35.57,37.2 1 0
github.com/LastMile-Innovations/snid/internal/vector/float32_scalar.go:3.41,5.19 2 0
github.com/LastMile-Innovations/snid/internal/vector/float32_scalar.go:5.19,7.3 1 0
github.com/LastMile-Innovations/snid/internal/vector/float32_scalar.go:8.2,8.12 1 0
github.com/LastMile-Innovations/snid/internal/vector/float32_scalar.go:11.57,13.46 2 0
github.com/LastMile-Innovations/snid/internal/vector/float32_scalar.go:13.46,14.20 1 0
github.com/LastMile-Innovations/snid/internal/vector/float32_scalar.go:14.20,16.4 1 0
github.com/LastMile-Innovations/snid/internal/vector/float32_scalar.go:18.2,18.12 1 0
github.com/LastMile-Innovations/snid/internal/vector/int8.go:8.33,9.37 1 0
github.com/LastMile-Innovations/snid/internal/vector/int8.go:9.37,11.3 1 0
github.com/LastMile-Innovations/snid/internal/vector/int8.go:12.2,12.22 1 0
github.com/LastMile-Innovations/snid/internal/vector/int8.go:16.48,17.37 1 0
github.com/LastMile-Innovations/snid/internal/vector/int8.go:17.37,19.3 1 0
github.com/LastMile-Innovations/snid/internal/vector/int8.go:21.2,25.30 4 0
github.com/LastMile-Innovations/snid/internal/vector/int8.go:25.30,27.3 1 0
github.com/LastMile-Innovations/snid/internal/vector/int8.go:29.2,29.88 1 0
github.com/LastMile-Innovations/snid/internal/vector/int8.go:33.47,34.37 1 0
github.com/LastMile-Innovations/snid/internal/vector/int8.go:34.37,36.3 1 0
github.com/LastMile-Innovations/snid/internal/vector/int8.go:37.2,37.36 1 0
github.com/LastMile-Innovations/snid/internal/vector/int8.go:41.41,43.2 1 0
github.com/LastMile-Innovations/snid/internal/vector/int8.go:46.72,48.2 1 0
github.com/LastMile-Innovations/snid/internal/vector/int8_scalar.go:3.33,5.19 2 0
github.com/LastMile-Innovations/snid/internal/vector/int8_scalar.go:5.19,7.3 1 0
github.com/LastMile-Innovations/snid/internal/vector/int8_scalar.go:8.2,8.12 1 0
github.com/LastMile-Innovations/snid/internal/vector/int8_scalar.go:11.47,13.19 2 0
github.com/LastMile-Innovations/snid/internal/vector/int8_scalar.go:13.19,16.3 2 0
github.com/LastMile-Innovations/snid/internal/vector/int8_scalar.go:17.2,17.12 1 0
github.com/LastMile-Innovations/snid/internal/vector/int8_scalar.go:20.41,22.26 2 0
github.com/LastMile-Innovations/snid/internal/vector/int8_scalar.go:22.26,25.15 2 0
github.com/LastMile-Innovations/snid/internal/vector/int8_scalar.go:25.15,28.4 2 0
github.com/LastMile-Innovations/snid/internal/vector/int8_scalar.go:30.2,30.13 1 0
github.com/LastMile-Innovations/snid/internal/vector/int8_scalar.go:33.72,35.28 2 0
github.com/LastMile-Innovations/snid/internal/vector/int8_scalar.go:35.28,37.3 1 0
github.com/LastMile-Innovations/snid/internal/vector/int8_scalar.go:38.2,38.12 1 0
github.com/LastMile-Innovations/snid/adaptive.go:44.56,50.2 5 1
github.com/LastMile-Innovations/snid/adaptive.go:83.21,84.25 1 1
github.com/LastMile-Innovations/snid/adaptive.go:84.25,98.52 7 1
github.com/LastMile-Innovations/snid/adaptive.go:98.52,100.4 1 1
github.com/LastMile-Innovations/snid/adaptive.go:103.3,104.49 2 1
github.com/LastMile-Innovations/snid/adaptive.go:104.49,106.4 1 0
github.com/LastMile-Innovations/snid/adaptive.go:107.3,108.17 2 1
github.com/LastMile-Innovations/snid/adaptive.go:108.17,109.46 1 0
github.com/LastMile-Innovations/snid/adaptive.go:111.3,112.49 2 1
github.com/LastMile-Innovations/snid/adaptive.go:112.49,115.4 2 0
github.com/LastMile-Innovations/snid/adaptive.go:117.3,117.34 1 1
github.com/LastMile-Innovations/snid/adaptive.go:117.34,136.4 10 1
github.com/LastMile-Innovations/snid/adaptive.go:138.3,142.21 1 1
github.com/LastMile-Innovations/snid/adaptive.go:142.21,146.6 2 1
github.com/LastMile-Innovations/snid/adaptive.go:149.3,149.44 1 1
github.com/LastMile-Innovations/snid/adaptive.go:154.16,157.2 2 1
github.com/LastMile-Innovations/snid/adaptive.go:160.22,163.2 2 1
github.com/LastMile-Innovations/snid/adaptive.go:167.24,170.2 2 1
github.com/LastMile-Innovations/snid/adaptive.go:173.39,177.26 3 1
github.com/LastMile-Innovations/snid/adaptive.go:177.26,179.3 1 1
github.com/LastMile-Innovations/snid/adaptive.go:181.2,181.24 1 1
github.com/LastMile-Innovations/snid/adaptive.go:181.24,183.3 1 1
github.com/LastMile-Innovations/snid/adaptive.go:184.2,184.24 1 1
github.com/LastMile-Innovations/snid/adaptive.go:188.47,192.26 3 1
github.com/LastMile-Innovations/snid/adaptive.go:192.26,194.3 1 0
github.com/LastMile-Innovations/snid/adaptive.go:196.2,196.24 1 1
github.com/LastMile-Innovations/snid/adaptive.go:196.24,198.3 1 1
github.com/LastMile-Innovations/snid/adaptive.go:199.2,199.27 1 1
github.com/LastMile-Innovations/snid/adaptive.go:203.50,206.2 2 1
github.com/LastMile-Innovations/snid/adaptive.go:209.71,212.16 3 1
github.com/LastMile-Innovations/snid/adaptive.go:212.16,215.3 1 0
github.com/LastMile-Innovations/snid/adaptive.go:216.2,230.11 10 1
github.com/LastMile-Innovations/snid/adaptive.go:233.78,234.43 1 1
github.com/LastMile-Innovations/snid/adaptive.go:234.43,236.3 1 0
github.com/LastMile-Innovations/snid/adaptive.go:237.2,237.43 1 1
github.com/LastMile-Innovations/snid/adaptive.go:237.43,239.3 1 0
github.com/LastMile-Innovations/snid/adaptive.go:240.2,240.14 1 1
github.com/LastMile-Innovations/snid/adaptive.go:240.14,242.3 1 0
github.com/LastMile-Innovations/snid/adaptive.go:242.8,242.22 1 1
github.com/LastMile-Innovations/snid/adaptive.go:242.22,244.3 1 0
github.com/LastMile-Innovations/snid/adaptive.go:245.2,246.13 2 1
github.com/LastMile-Innovations/snid/adaptive.go:246.13,248.3 1 0
github.com/LastMile-Innovations/snid/adaptive.go:249.2,251.13 2 1
github.com/LastMile-Innovations/snid/adaptive.go:251.13,253.3 1 0
github.com/LastMile-Innovations/snid/adaptive.go:253.8,253.21 1 1
github.com/LastMile-Innovations/snid/adaptive.go:253.21,255.3 1 0
github.com/LastMile-Innovations/snid/adaptive.go:256.2,256.22 1 1
github.com/LastMile-Innovations/snid/adaptive.go:260.45,272.2 11 1
github.com/LastMile-Innovations/snid/adaptive.go:275.38,280.19 3 1
github.com/LastMile-Innovations/snid/adaptive.go:280.19,283.3 2 0
github.com/LastMile-Innovations/snid/adaptive.go:283.8,285.25 2 1
github.com/LastMile-Innovations/snid/adaptive.go:285.25,291.4 3 0
github.com/LastMile-Innovations/snid/adaptive.go:295.2,308.38 12 1
github.com/LastMile-Innovations/snid/adaptive.go:312.40,317.19 3 1
github.com/LastMile-Innovations/snid/adaptive.go:317.19,320.3 2 0
github.com/LastMile-Innovations/snid/adaptive.go:320.8,322.25 2 1
github.com/LastMile-Innovations/snid/adaptive.go:322.25,326.4 3 0
github.com/LastMile-Innovations/snid/adaptive.go:326.9,328.4 1 1
github.com/LastMile-Innovations/snid/adaptive.go:332.2,332.34 1 1
github.com/LastMile-Innovations/snid/adaptive.go:332.34,338.3 3 1
github.com/LastMile-Innovations/snid/adaptive.go:340.2,347.42 6 1
github.com/LastMile-Innovations/snid/adaptive.go:351.47,356.25 4 1
github.com/LastMile-Innovations/snid/adaptive.go:356.25,358.20 2 1
github.com/LastMile-Innovations/snid/adaptive.go:358.20,361.4 2 0
github.com/LastMile-Innovations/snid/adaptive.go:361.9,363.26 2 1
github.com/LastMile-Innovations/snid/adaptive.go:363.26,367.5 3 0
github.com/LastMile-Innovations/snid/adaptive.go:370.3,379.56 9 1
github.com/LastMile-Innovations/snid/adaptive.go:381.2,381.12 1 1
github.com/LastMile-Innovations/snid/adaptive.go:385.49,390.25 4 1
github.com/LastMile-Innovations/snid/adaptive.go:390.25,392.20 2 1
github.com/LastMile-Innovations/snid/adaptive.go:392.20,395.4 2 0
github.com/LastMile-Innovations/snid/adaptive.go:395.9,397.26 2 1
github.com/LastMile-Innovations/snid/adaptive.go:397.26,401.5 3 0
github.com/LastMile-Innovations/snid/adaptive.go:401.10,403.5 1 1
github.com/LastMile-Innovations/snid/adaptive.go:406.3,406.35 1 1
github.com/LastMile-Innovations/snid/adaptive.go:406.35,410.4 3 1
github.com/LastMile-Innovations/snid/adaptive.go:412.3,415.60 3 1
github.com/LastMile-Innovations/snid/adaptive.go:417.2,417.12 1 1
github.com/LastMile-Innovations/snid/adaptive.go:425.47,427.35 1 0
github.com/LastMile-Innovations/snid/adaptive.go:427.35,430.3 2 0
github.com/LastMile-Innovations/snid/adaptive.go:434.77,458.2 6 1
github.com/LastMile-Innovations/snid/akid.go:15.42,17.48 2 0
github.com/LastMile-Innovations/snid/akid.go:17.48,19.3 1 0
github.com/LastMile-Innovations/snid/akid.go:20.2,20.20 1 0
github.com/LastMile-Innovations/snid/akid.go:24.47,25.35 1 0
github.com/LastMile-Innovations/snid/akid.go:25.35,27.3 1 0
github.com/LastMile-Innovations/snid/akid.go:28.2,28.53 1 0
github.com/LastMile-Innovations/snid/akid.go:32.40,34.2 1 1
github.com/LastMile-Innovations/snid/akid.go:37.45,38.22 1 1
github.com/LastMile-Innovations/snid/akid.go:38.22,40.3 1 0
github.com/LastMile-Innovations/snid/akid.go:41.2,43.27 3 1
github.com/LastMile-Innovations/snid/akid.go:47.54,49.2 1 0
github.com/LastMile-Innovations/snid/akid.go:52.44,54.42 2 0
github.com/LastMile-Innovations/snid/akid.go:54.42,56.3 1 0
github.com/LastMile-Innovations/snid/akid.go:57.2,57.35 1 0
github.com/LastMile-Innovations/snid/akid.go:61.61,63.21 2 1
github.com/LastMile-Innovations/snid/akid.go:63.21,65.3 1 0
github.com/LastMile-Innovations/snid/akid.go:66.2,69.16 4 1
github.com/LastMile-Innovations/snid/akid.go:69.16,71.3 1 0
github.com/LastMile-Innovations/snid/akid.go:72.2,73.21 2 1
github.com/LastMile-Innovations/snid/akid.go:73.21,75.3 1 1
github.com/LastMile-Innovations/snid/akid.go:76.2,76.22 1 1
github.com/LastMile-Innovations/snid/akid.go:80.69,82.38 2 1
github.com/LastMile-Innovations/snid/akid.go:82.38,84.3 1 0
github.com/LastMile-Innovations/snid/akid.go:85.2,86.21 2 1
github.com/LastMile-Innovations/snid/akid.go:86.21,88.3 1 0
github.com/LastMile-Innovations/snid/akid.go:90.2,91.21 2 1
github.com/LastMile-Innovations/snid/akid.go:91.21,93.3 1 0
github.com/LastMile-Innovations/snid/akid.go:94.2,94.17 1 1
github.com/LastMile-Innovations/snid/akid.go:94.17,96.3 1 0
github.com/LastMile-Innovations/snid/akid.go:97.2,97.54 1 1
github.com/LastMile-Innovations/snid/akid.go:97.54,99.3 1 0
github.com/LastMile-Innovations/snid/akid.go:100.2,100.32 1 1
github.com/LastMile-Innovations/snid/akid.go:104.52,106.2 1 1
github.com/LastMile-Innovations/snid/bid.go:28.39,33.2 1 0
github.com/LastMile-Innovations/snid/bid.go:36.54,37.28 1 0
github.com/LastMile-Innovations/snid/bid.go:37.28,39.3 1 0
github.com/LastMile-Innovations/snid/bid.go:40.2,42.25 3 0
github.com/LastMile-Innovations/snid/bid.go:46.44,49.2 2 0
github.com/LastMile-Innovations/snid/bid.go:52.34,54.2 1 1
github.com/LastMile-Innovations/snid/bid.go:57.42,59.42 2 1
github.com/LastMile-Innovations/snid/bid.go:59.42,61.3 1 0
github.com/LastMile-Innovations/snid/bid.go:63.2,64.50 2 1
github.com/LastMile-Innovations/snid/bid.go:64.50,66.3 1 0
github.com/LastMile-Innovations/snid/bid.go:68.2,69.16 2 1
github.com/LastMile-Innovations/snid/bid.go:69.16,71.3 1 0
github.com/LastMile-Innovations/snid/bid.go:72.2,72.20 1 1
github.com/LastMile-Innovations/snid/bid.go:72.20,74.3 1 0
github.com/LastMile-Innovations/snid/bid.go:76.2,82.8 3 1
github.com/LastMile-Innovations/snid/bid.go:86.31,88.2 1 1
github.com/LastMile-Innovations/snid/bid.go:91.48,92.24 1 0
github.com/LastMile-Innovations/snid/bid.go:92.24,94.3 1 0
github.com/LastMile-Innovations/snid/bid.go:95.2,95.47 1 0
github.com/LastMile-Innovations/snid/bid.go:99.29,101.2 1 1
github.com/LastMile-Innovations/snid/boundary.go:17.45,19.2 1 1
github.com/LastMile-Innovations/snid/boundary.go:22.32,26.2 3 1
github.com/LastMile-Innovations/snid/boundary.go:29.38,31.2 1 1
github.com/LastMile-Innovations/snid/boundary.go:34.49,41.2 1 1
github.com/LastMile-Innovations/snid/boundary.go:44.73,45.27 1 1
github.com/LastMile-Innovations/snid/boundary.go:45.27,47.3 1 1
github.com/LastMile-Innovations/snid/boundary.go:48.2,60.11 9 1
github.com/LastMile-Innovations/snid/boundary.go:64.63,66.2 1 1
github.com/LastMile-Innovations/snid/cas.go:7.23,7.45 1 0
github.com/LastMile-Innovations/snid/cas.go:10.36,10.64 1 0
github.com/LastMile-Innovations/snid/cas.go:13.24,13.46 1 0
github.com/LastMile-Innovations/snid/cas.go:16.37,16.65 1 0
github.com/LastMile-Innovations/snid/cas.go:19.29,19.51 1 0
github.com/LastMile-Innovations/snid/cas.go:22.42,22.70 1 0
github.com/LastMile-Innovations/snid/cas.go:25.28,25.50 1 0
github.com/LastMile-Innovations/snid/cas.go:28.41,28.69 1 0
github.com/LastMile-Innovations/snid/cas.go:31.26,31.47 1 0
github.com/LastMile-Innovations/snid/cas.go:34.39,34.66 1 0
github.com/LastMile-Innovations/snid/clock.go:55.13,58.2 1 1
github.com/LastMile-Innovations/snid/clock.go:63.25,65.46 1 1
github.com/LastMile-Innovations/snid/clock.go:65.46,67.3 1 0
github.com/LastMile-Innovations/snid/clock.go:70.2,77.12 5 1
github.com/LastMile-Innovations/snid/clock.go:77.12,81.7 3 1
github.com/LastMile-Innovations/snid/clock.go:81.7,82.11 1 1
github.com/LastMile-Innovations/snid/clock.go:83.25,85.51 1 1
github.com/LastMile-Innovations/snid/clock.go:86.16,87.11 1 0
github.com/LastMile-Innovations/snid/clock.go:95.37,97.9 2 1
github.com/LastMile-Innovations/snid/clock.go:98.19,100.31 1 0
github.com/LastMile-Innovations/snid/clock.go:101.19,103.30 1 0
github.com/LastMile-Innovations/snid/clock.go:104.20,106.26 1 1
github.com/LastMile-Innovations/snid/clock.go:107.10,109.32 1 0
github.com/LastMile-Innovations/snid/clock.go:115.24,116.46 1 0
github.com/LastMile-Innovations/snid/clock.go:116.46,118.3 1 0
github.com/LastMile-Innovations/snid/clock.go:119.2,120.17 2 0
github.com/LastMile-Innovations/snid/clock.go:120.17,122.3 1 0
github.com/LastMile-Innovations/snid/clock.go:127.27,129.2 1 0
github.com/LastMile-Innovations/snid/clock.go:136.31,138.2 1 1
github.com/LastMile-Innovations/snid/clock.go:145.30,147.2 1 0
github.com/LastMile-Innovations/snid/clock.go:151.33,154.21 3 0
github.com/LastMile-Innovations/snid/clock.go:154.21,156.3 1 0
github.com/LastMile-Innovations/snid/clock.go:157.2,157.56 1 0
github.com/LastMile-Innovations/snid/composite.go:21.49,26.2 4 1
github.com/LastMile-Innovations/snid/composite.go:29.63,34.2 4 0
github.com/LastMile-Innovations/snid/composite.go:37.24,41.2 3 1
github.com/LastMile-Innovations/snid/composite.go:44.38,48.2 3 1
github.com/LastMile-Innovations/snid/composite.go:51.62,53.2 1 1
github.com/LastMile-Innovations/snid/composite.go:56.45,61.2 4 1
github.com/LastMile-Innovations/snid/composite.go:64.71,73.2 8 0
github.com/LastMile-Innovations/snid/composite.go:76.24,80.2 3 1
github.com/LastMile-Innovations/snid/composite.go:83.34,87.2 3 1
github.com/LastMile-Innovations/snid/composite.go:90.62,92.2 1 1
github.com/LastMile-Innovations/snid/composite.go:95.44,100.2 4 1
github.com/LastMile-Innovations/snid/composite.go:103.106,104.19 1 1
github.com/LastMile-Innovations/snid/composite.go:104.19,106.3 1 1
github.com/LastMile-Innovations/snid/composite.go:107.2,115.32 9 1
github.com/LastMile-Innovations/snid/composite.go:119.84,120.19 1 1
github.com/LastMile-Innovations/snid/composite.go:120.19,122.3 1 1
github.com/LastMile-Innovations/snid/composite.go:123.2,124.16 2 1
github.com/LastMile-Innovations/snid/composite.go:124.16,126.3 1 0
github.com/LastMile-Innovations/snid/composite.go:127.2,127.42 1 1
github.com/LastMile-Innovations/snid/composite.go:131.24,135.2 3 1
github.com/LastMile-Innovations/snid/composite.go:138.62,140.2 1 1
github.com/LastMile-Innovations/snid/composite.go:143.76,144.19 1 1
github.com/LastMile-Innovations/snid/composite.go:144.19,146.3 1 0
github.com/LastMile-Innovations/snid/composite.go:147.2,156.17 10 1
github.com/LastMile-Innovations/snid/composite.go:160.36,160.75 1 0
github.com/LastMile-Innovations/snid/composite.go:163.36,163.75 1 0
github.com/LastMile-Innovations/snid/composite.go:166.36,166.75 1 0
github.com/LastMile-Innovations/snid/composite.go:168.39,170.2 1 1
github.com/LastMile-Innovations/snid/conformance_helpers.go:6.76,8.2 1 1
github.com/LastMile-Innovations/snid/conformance_helpers.go:11.57,21.2 9 1
github.com/LastMile-Innovations/snid/conformance_helpers.go:24.65,29.2 4 1
github.com/LastMile-Innovations/snid/conformance_helpers.go:32.81,33.19 1 1
github.com/LastMile-Innovations/snid/conformance_helpers.go:33.19,35.3 1 0
github.com/LastMile-Innovations/snid/conformance_helpers.go:36.2,40.17 5 1
github.com/LastMile-Innovations/snid/conformance_helpers.go:44.64,46.2 1 1
github.com/LastMile-Innovations/snid/conformance_helpers.go:49.60,51.2 1 1
github.com/LastMile-Innovations/snid/conformance_helpers.go:54.57,56.2 1 0
github.com/LastMile-Innovations/snid/conformance_helpers.go:59.53,61.2 1 0
github.com/LastMile-Innovations/snid/conformance_helpers.go:64.101,66.2 1 0
github.com/LastMile-Innovations/snid/constructors.go:14.38,17.2 2 1
github.com/LastMile-Innovations/snid/constructors.go:21.60,24.2 2 1
github.com/LastMile-Innovations/snid/constructors.go:31.25,31.63 1 1
github.com/LastMile-Innovations/snid/constructors.go:34.49,34.102 1 0
github.com/LastMile-Innovations/snid/constructors.go:37.23,37.59 1 0
github.com/LastMile-Innovations/snid/constructors.go:44.21,44.57 1 0
github.com/LastMile-Innovations/snid/constructors.go:47.45,47.96 1 0
github.com/LastMile-Innovations/snid/constructors.go:50.36,50.64 1 1
github.com/LastMile-Innovations/snid/constructors.go:53.32,53.70 1 0
github.com/LastMile-Innovations/snid/constructors.go:56.22,56.57 1 0
github.com/LastMile-Innovations/snid/constructors.go:59.23,59.46 1 0
github.com/LastMile-Innovations/snid/constructors.go:62.38,62.68 1 1
github.com/LastMile-Innovations/snid/constructors.go:65.34,65.74 1 0
github.com/LastMile-Innovations/snid/constructors.go:68.22,68.56 1 1
github.com/LastMile-Innovations/snid/constructors.go:71.46,71.95 1 0
github.com/LastMile-Innovations/snid/constructors.go:74.37,74.63 1 1
github.com/LastMile-Innovations/snid/constructors.go:77.33,77.69 1 0
github.com/LastMile-Innovations/snid/constructors.go:80.21,80.57 1 1
github.com/LastMile-Innovations/snid/constructors.go:83.45,83.96 1 0
github.com/LastMile-Innovations/snid/constructors.go:86.36,86.64 1 1
github.com/LastMile-Innovations/snid/constructors.go:89.32,89.70 1 0
github.com/LastMile-Innovations/snid/constructors.go:96.20,96.55 1 1
github.com/LastMile-Innovations/snid/constructors.go:99.35,99.62 1 1
github.com/LastMile-Innovations/snid/constructors.go:102.31,102.68 1 0
github.com/LastMile-Innovations/snid/constructors.go:105.20,105.55 1 1
github.com/LastMile-Innovations/snid/constructors.go:108.44,108.94 1 0
github.com/LastMile-Innovations/snid/constructors.go:111.35,111.62 1 1
github.com/LastMile-Innovations/snid/constructors.go:114.31,114.68 1 0
github.com/LastMile-Innovations/snid/constructors.go:117.22,117.59 1 1
github.com/LastMile-Innovations/snid/constructors.go:120.37,120.66 1 1
github.com/LastMile-Innovations/snid/constructors.go:123.33,123.72 1 0
github.com/LastMile-Innovations/snid/constructors.go:126.24,126.63 1 1
github.com/LastMile-Innovations/snid/constructors.go:129.48,129.102 1 0
github.com/LastMile-Innovations/snid/constructors.go:132.39,132.70 1 1
github.com/LastMile-Innovations/snid/constructors.go:135.35,135.76 1 0
github.com/LastMile-Innovations/snid/constructors.go:138.23,138.61 1 1
github.com/LastMile-Innovations/snid/constructors.go:141.38,141.68 1 1
github.com/LastMile-Innovations/snid/constructors.go:144.34,144.74 1 0
github.com/LastMile-Innovations/snid/constructors.go:151.21,151.57 1 0
github.com/LastMile-Innovations/snid/constructors.go:154.36,154.64 1 0
github.com/LastMile-Innovations/snid/constructors.go:157.32,157.70 1 0
github.com/LastMile-Innovations/snid/constructors.go:164.21,164.57 1 1
github.com/LastMile-Innovations/snid/constructors.go:167.36,167.64 1 1
github.com/LastMile-Innovations/snid/constructors.go:170.32,170.70 1 0
github.com/LastMile-Innovations/snid/constructors.go:173.22,173.57 1 0
github.com/LastMile-Innovations/snid/constructors.go:176.35,176.62 1 0
github.com/LastMile-Innovations/snid/constructors.go:179.31,179.68 1 0
github.com/LastMile-Innovations/snid/constructors.go:182.26,182.59 1 0
github.com/LastMile-Innovations/snid/constructors.go:185.50,185.98 1 1
github.com/LastMile-Innovations/snid/constructors.go:188.39,188.64 1 1
github.com/LastMile-Innovations/snid/constructors.go:191.35,191.70 1 0
github.com/LastMile-Innovations/snid/constructors.go:194.20,194.55 1 1
github.com/LastMile-Innovations/snid/constructors.go:197.44,197.94 1 0
github.com/LastMile-Innovations/snid/constructors.go:200.35,200.62 1 1
github.com/LastMile-Innovations/snid/constructors.go:203.31,203.68 1 0
github.com/LastMile-Innovations/snid/constructors.go:206.22,206.59 1 1
github.com/LastMile-Innovations/snid/constructors.go:209.37,209.66 1 1
github.com/LastMile-Innovations/snid/constructors.go:212.33,212.72 1 0
github.com/LastMile-Innovations/snid/constructors.go:220.21,220.43 1 0
github.com/LastMile-Innovations/snid/constructors.go:223.36,223.64 1 0
github.com/LastMile-Innovations/snid/constructors.go:226.32,226.70 1 0
github.com/LastMile-Innovations/snid/constructors.go:230.26,230.48 1 0
github.com/LastMile-Innovations/snid/constructors.go:233.41,233.74 1 0
github.com/LastMile-Innovations/snid/constructors.go:236.37,236.80 1 0
github.com/LastMile-Innovations/snid/constructors.go:240.24,240.45 1 0
github.com/LastMile-Innovations/snid/constructors.go:243.39,243.71 1 0
github.com/LastMile-Innovations/snid/constructors.go:246.35,246.77 1 0
github.com/LastMile-Innovations/snid/constructors.go:250.23,250.46 1 0
github.com/LastMile-Innovations/snid/constructors.go:253.38,253.68 1 0
github.com/LastMile-Innovations/snid/constructors.go:256.34,256.74 1 0
github.com/LastMile-Innovations/snid/constructors.go:260.22,260.43 1 0
github.com/LastMile-Innovations/snid/constructors.go:263.37,263.66 1 0
github.com/LastMile-Innovations/snid/constructors.go:266.33,266.72 1 0
github.com/LastMile-Innovations/snid/constructors.go:270.18,270.44 1 0
github.com/LastMile-Innovations/snid/constructors.go:273.33,273.58 1 0
github.com/LastMile-Innovations/snid/constructors.go:276.29,276.64 1 0
github.com/LastMile-Innovations/snid/domain.go:12.50,14.2 1 0
github.com/LastMile-Innovations/snid/domain.go:17.51,19.2 1 0
github.com/LastMile-Innovations/snid/domain.go:30.37,31.39 1 0
github.com/LastMile-Innovations/snid/domain.go:31.39,32.105 1 0
github.com/LastMile-Innovations/snid/domain.go:32.105,34.4 1 0
github.com/LastMile-Innovations/snid/domain.go:35.3,35.15 1 0
github.com/LastMile-Innovations/snid/domain.go:35.15,37.4 1 0
github.com/LastMile-Innovations/snid/domain.go:38.3,38.12 1 0
github.com/LastMile-Innovations/snid/eid.go:17.39,22.2 4 0
github.com/LastMile-Innovations/snid/eid.go:25.30,29.2 3 1
github.com/LastMile-Innovations/snid/eid.go:32.31,34.2 1 1
github.com/LastMile-Innovations/snid/eid.go:37.31,39.2 1 1
github.com/LastMile-Innovations/snid/eid.go:43.30,47.27 4 0
github.com/LastMile-Innovations/snid/eid.go:47.27,50.3 2 0
github.com/LastMile-Innovations/snid/eid.go:51.2,51.35 1 0
github.com/LastMile-Innovations/snid/encoding.go:41.13,42.24 1 1
github.com/LastMile-Innovations/snid/encoding.go:42.24,44.3 1 1
github.com/LastMile-Innovations/snid/encoding.go:45.2,45.35 1 1
github.com/LastMile-Innovations/snid/encoding.go:45.35,47.3 1 1
github.com/LastMile-Innovations/snid/encoding.go:51.29,53.21 2 1
github.com/LastMile-Innovations/snid/encoding.go:53.21,72.3 17 1
github.com/LastMile-Innovations/snid/encoding.go:73.2,73.25 1 1
github.com/LastMile-Innovations/snid/encoding.go:73.25,75.3 1 1
github.com/LastMile-Innovations/snid/encoding.go:76.2,76.12 1 1
github.com/LastMile-Innovations/snid/encoding.go:80.39,82.2 1 1
github.com/LastMile-Innovations/snid/encoding.go:85.63,92.2 6 1
github.com/LastMile-Innovations/snid/encoding.go:95.43,95.69 1 0
github.com/LastMile-Innovations/snid/encoding.go:99.49,100.14 1 0
github.com/LastMile-Innovations/snid/encoding.go:101.16,106.18 5 0
github.com/LastMile-Innovations/snid/encoding.go:106.18,108.4 1 0
github.com/LastMile-Innovations/snid/encoding.go:109.3,109.24 1 0
github.com/LastMile-Innovations/snid/encoding.go:109.24,112.4 2 0
github.com/LastMile-Innovations/snid/encoding.go:113.3,113.29 1 0
github.com/LastMile-Innovations/snid/encoding.go:114.10,115.86 1 0
github.com/LastMile-Innovations/snid/encoding.go:120.37,124.2 3 1
github.com/LastMile-Innovations/snid/encoding.go:127.53,129.2 1 1
github.com/LastMile-Innovations/snid/encoding.go:132.77,136.2 3 1
github.com/LastMile-Innovations/snid/encoding.go:142.47,162.23 8 1
github.com/LastMile-Innovations/snid/encoding.go:162.23,169.3 6 1
github.com/LastMile-Innovations/snid/encoding.go:172.2,172.40 1 1
github.com/LastMile-Innovations/snid/encoding.go:172.40,175.3 2 1
github.com/LastMile-Innovations/snid/encoding.go:177.2,177.36 1 1
github.com/LastMile-Innovations/snid/encoding.go:181.47,183.24 2 1
github.com/LastMile-Innovations/snid/encoding.go:183.24,185.16 2 1
github.com/LastMile-Innovations/snid/encoding.go:185.16,187.4 1 1
github.com/LastMile-Innovations/snid/encoding.go:188.3,189.28 2 1
github.com/LastMile-Innovations/snid/encoding.go:189.28,193.4 3 1
github.com/LastMile-Innovations/snid/encoding.go:194.3,194.16 1 1
github.com/LastMile-Innovations/snid/encoding.go:194.16,196.4 1 0
github.com/LastMile-Innovations/snid/encoding.go:198.2,198.12 1 1
github.com/LastMile-Innovations/snid/encoding.go:202.43,205.38 3 0
github.com/LastMile-Innovations/snid/encoding.go:205.38,207.3 1 0
github.com/LastMile-Innovations/snid/encoding.go:208.2,208.17 1 0
github.com/LastMile-Innovations/snid/encoding.go:208.17,210.31 2 0
github.com/LastMile-Innovations/snid/encoding.go:210.31,214.4 3 0
github.com/LastMile-Innovations/snid/encoding.go:215.3,217.24 3 0
github.com/LastMile-Innovations/snid/encoding.go:217.24,219.4 1 0
github.com/LastMile-Innovations/snid/encoding.go:221.2,221.41 1 0
github.com/LastMile-Innovations/snid/encoding.go:221.41,224.3 2 0
github.com/LastMile-Innovations/snid/encoding.go:225.2,225.35 1 0
github.com/LastMile-Innovations/snid/encoding.go:236.40,247.2 10 0
github.com/LastMile-Innovations/snid/encoding.go:250.40,258.2 5 0
github.com/LastMile-Innovations/snid/encoding.go:263.44,263.87 1 0
github.com/LastMile-Innovations/snid/encoding.go:266.48,267.15 1 0
github.com/LastMile-Innovations/snid/encoding.go:267.15,269.3 1 0
github.com/LastMile-Innovations/snid/encoding.go:270.2,271.49 2 0
github.com/LastMile-Innovations/snid/encoding.go:271.49,273.3 1 0
github.com/LastMile-Innovations/snid/encoding.go:274.2,274.18 1 0
github.com/LastMile-Innovations/snid/encoding.go:274.18,276.17 2 0
github.com/LastMile-Innovations/snid/encoding.go:276.17,279.4 2 0
github.com/LastMile-Innovations/snid/encoding.go:281.2,282.12 2 0
github.com/LastMile-Innovations/snid/encoding.go:286.46,286.67 1 0
github.com/LastMile-Innovations/snid/encoding.go:289.50,290.15 1 0
github.com/LastMile-Innovations/snid/encoding.go:290.15,292.3 1 0
github.com/LastMile-Innovations/snid/encoding.go:293.2,293.21 1 0
github.com/LastMile-Innovations/snid/encoding.go:293.21,295.3 1 0
github.com/LastMile-Innovations/snid/encoding.go:296.2,297.12 2 0
github.com/LastMile-Innovations/snid/encoding.go:301.44,301.86 1 0
github.com/LastMile-Innovations/snid/encoding.go:304.48,305.15 1 0
github.com/LastMile-Innovations/snid/encoding.go:305.15,307.3 1 0
github.com/LastMile-Innovations/snid/encoding.go:308.2,309.16 2 0
github.com/LastMile-Innovations/snid/encoding.go:309.16,311.3 1 0
github.com/LastMile-Innovations/snid/encoding.go:312.2,313.12 2 0
github.com/LastMile-Innovations/snid/encoding.go:317.45,317.66 1 0
github.com/LastMile-Innovations/snid/encoding.go:320.49,321.15 1 0
github.com/LastMile-Innovations/snid/encoding.go:321.15,323.3 1 0
github.com/LastMile-Innovations/snid/encoding.go:324.2,324.21 1 0
github.com/LastMile-Innovations/snid/encoding.go:324.21,326.3 1 0
github.com/LastMile-Innovations/snid/encoding.go:327.2,328.12 2 0
github.com/LastMile-Innovations/snid/encoding.go:332.30,332.43 1 0
github.com/LastMile-Innovations/snid/encoding.go:335.44,336.17 1 0
github.com/LastMile-Innovations/snid/encoding.go:336.17,338.3 1 0
github.com/LastMile-Innovations/snid/encoding.go:339.2,341.17 3 0
github.com/LastMile-Innovations/snid/encoding.go:345.35,346.15 1 0
github.com/LastMile-Innovations/snid/encoding.go:346.15,348.3 1 0
github.com/LastMile-Innovations/snid/encoding.go:349.2,349.25 1 0
github.com/LastMile-Innovations/snid/encoding.go:350.11,352.13 2 0
github.com/LastMile-Innovations/snid/encoding.go:353.14,354.19 1 0
github.com/LastMile-Innovations/snid/encoding.go:354.19,357.4 2 0
github.com/LastMile-Innovations/snid/encoding.go:358.3,359.19 2 0
github.com/LastMile-Innovations/snid/encoding.go:359.19,361.18 2 0
github.com/LastMile-Innovations/snid/encoding.go:361.18,364.5 2 0
github.com/LastMile-Innovations/snid/encoding.go:366.3,367.13 2 0
github.com/LastMile-Innovations/snid/encoding.go:368.14,369.19 1 0
github.com/LastMile-Innovations/snid/encoding.go:369.19,371.18 2 0
github.com/LastMile-Innovations/snid/encoding.go:371.18,374.5 2 0
github.com/LastMile-Innovations/snid/encoding.go:376.3,377.13 2 0
github.com/LastMile-Innovations/snid/encoding.go:379.2,379.48 1 0
github.com/LastMile-Innovations/snid/encoding.go:383.37,385.2 1 1
github.com/LastMile-Innovations/snid/encoding.go:388.37,390.2 1 1
github.com/LastMile-Innovations/snid/encoding.go:395.43,396.19 1 1
github.com/LastMile-Innovations/snid/encoding.go:396.19,398.3 1 1
github.com/LastMile-Innovations/snid/encoding.go:400.2,401.42 2 1
github.com/LastMile-Innovations/snid/encoding.go:401.42,403.3 1 1
github.com/LastMile-Innovations/snid/encoding.go:405.2,407.34 3 1
github.com/LastMile-Innovations/snid/encoding.go:407.34,409.3 1 0
github.com/LastMile-Innovations/snid/encoding.go:409.8,411.3 1 1
github.com/LastMile-Innovations/snid/encoding.go:412.2,417.36 5 1
github.com/LastMile-Innovations/snid/encoding.go:417.36,419.3 1 0
github.com/LastMile-Innovations/snid/encoding.go:419.8,421.3 1 1
github.com/LastMile-Innovations/snid/encoding.go:422.2,424.44 2 1
github.com/LastMile-Innovations/snid/encoding.go:424.44,426.41 2 1
github.com/LastMile-Innovations/snid/encoding.go:426.41,430.4 3 1
github.com/LastMile-Innovations/snid/encoding.go:431.3,433.51 3 1
github.com/LastMile-Innovations/snid/encoding.go:433.51,435.4 1 1
github.com/LastMile-Innovations/snid/encoding.go:438.2,438.29 1 1
github.com/LastMile-Innovations/snid/encoding.go:438.29,441.3 2 1
github.com/LastMile-Innovations/snid/encoding.go:443.2,443.30 1 1
github.com/LastMile-Innovations/snid/encoding.go:447.50,448.17 1 1
github.com/LastMile-Innovations/snid/encoding.go:448.17,450.3 1 1
github.com/LastMile-Innovations/snid/encoding.go:452.2,453.45 2 1
github.com/LastMile-Innovations/snid/encoding.go:453.45,455.3 1 1
github.com/LastMile-Innovations/snid/encoding.go:457.2,460.36 4 1
github.com/LastMile-Innovations/snid/encoding.go:460.36,462.3 1 0
github.com/LastMile-Innovations/snid/encoding.go:462.8,464.3 1 1
github.com/LastMile-Innovations/snid/encoding.go:466.2,467.40 2 1
github.com/LastMile-Innovations/snid/encoding.go:467.40,470.16 3 1
github.com/LastMile-Innovations/snid/encoding.go:470.16,472.4 1 1
github.com/LastMile-Innovations/snid/encoding.go:473.3,475.72 3 1
github.com/LastMile-Innovations/snid/encoding.go:475.72,480.4 4 1
github.com/LastMile-Innovations/snid/encoding.go:481.3,481.17 1 1
github.com/LastMile-Innovations/snid/encoding.go:481.17,483.4 1 0
github.com/LastMile-Innovations/snid/encoding.go:484.3,484.13 1 1
github.com/LastMile-Innovations/snid/encoding.go:487.2,488.50 2 1
github.com/LastMile-Innovations/snid/encoding.go:488.50,490.3 1 0
github.com/LastMile-Innovations/snid/encoding.go:492.2,494.17 3 1
github.com/LastMile-Innovations/snid/flags.go:17.31,18.74 1 0
github.com/LastMile-Innovations/snid/flags.go:19.17,20.24 1 0
github.com/LastMile-Innovations/snid/flags.go:21.16,22.23 1 0
github.com/LastMile-Innovations/snid/flags.go:23.10,24.20 1 0
github.com/LastMile-Innovations/snid/flags.go:29.32,30.83 1 0
github.com/LastMile-Innovations/snid/flags.go:31.32,32.14 1 0
github.com/LastMile-Innovations/snid/flags.go:33.10,34.15 1 0
github.com/LastMile-Innovations/snid/generator.go:77.25,80.2 2 1
github.com/LastMile-Innovations/snid/generator.go:82.44,83.24 1 1
github.com/LastMile-Innovations/snid/generator.go:83.24,86.3 2 0
github.com/LastMile-Innovations/snid/generator.go:88.2,89.33 2 1
github.com/LastMile-Innovations/snid/generator.go:89.33,95.3 5 1
github.com/LastMile-Innovations/snid/generator.go:96.2,100.25 3 0
github.com/LastMile-Innovations/snid/generator.go:104.13,106.2 1 1
github.com/LastMile-Innovations/snid/generator.go:109.19,128.37 15 1
github.com/LastMile-Innovations/snid/generator.go:128.37,130.3 1 1
github.com/LastMile-Innovations/snid/generator.go:132.2,140.37 8 1
github.com/LastMile-Innovations/snid/generator.go:140.37,146.16 5 1
github.com/LastMile-Innovations/snid/generator.go:146.16,148.4 1 0
github.com/LastMile-Innovations/snid/generator.go:149.3,155.27 7 1
github.com/LastMile-Innovations/snid/generator.go:158.2,158.25 1 1
github.com/LastMile-Innovations/snid/generator.go:158.25,163.16 5 1
github.com/LastMile-Innovations/snid/generator.go:163.16,165.4 1 0
github.com/LastMile-Innovations/snid/generator.go:167.3,175.16 6 1
github.com/LastMile-Innovations/snid/generator.go:181.19,182.24 1 1
github.com/LastMile-Innovations/snid/generator.go:182.24,184.3 1 0
github.com/LastMile-Innovations/snid/generator.go:186.2,187.33 2 1
github.com/LastMile-Innovations/snid/generator.go:187.33,195.18 7 1
github.com/LastMile-Innovations/snid/generator.go:195.18,198.4 2 1
github.com/LastMile-Innovations/snid/generator.go:198.9,200.20 2 1
github.com/LastMile-Innovations/snid/generator.go:200.20,204.5 3 0
github.com/LastMile-Innovations/snid/generator.go:204.10,206.5 1 1
github.com/LastMile-Innovations/snid/generator.go:209.3,230.12 17 1
github.com/LastMile-Innovations/snid/generator.go:232.2,235.24 2 0
github.com/LastMile-Innovations/snid/generator.go:238.25,242.19 4 0
github.com/LastMile-Innovations/snid/generator.go:242.19,245.3 2 0
github.com/LastMile-Innovations/snid/generator.go:245.8,247.26 2 0
github.com/LastMile-Innovations/snid/generator.go:247.26,251.4 3 0
github.com/LastMile-Innovations/snid/generator.go:251.9,253.4 1 0
github.com/LastMile-Innovations/snid/generator.go:255.2,272.11 14 0
github.com/LastMile-Innovations/snid/generator.go:276.53,281.19 4 1
github.com/LastMile-Innovations/snid/generator.go:281.19,284.3 2 1
github.com/LastMile-Innovations/snid/generator.go:284.8,286.26 2 1
github.com/LastMile-Innovations/snid/generator.go:286.26,290.4 3 0
github.com/LastMile-Innovations/snid/generator.go:290.9,292.4 1 1
github.com/LastMile-Innovations/snid/generator.go:294.2,307.11 7 1
github.com/LastMile-Innovations/snid/generator.go:311.42,312.16 1 0
github.com/LastMile-Innovations/snid/generator.go:312.16,314.3 1 0
github.com/LastMile-Innovations/snid/generator.go:315.2,321.19 5 0
github.com/LastMile-Innovations/snid/generator.go:321.19,324.3 2 0
github.com/LastMile-Innovations/snid/generator.go:326.2,330.21 4 0
github.com/LastMile-Innovations/snid/generator.go:330.21,332.19 2 0
github.com/LastMile-Innovations/snid/generator.go:332.19,336.4 3 0
github.com/LastMile-Innovations/snid/generator.go:338.3,351.28 10 0
github.com/LastMile-Innovations/snid/generator.go:354.2,358.12 4 0
github.com/LastMile-Innovations/snid/generator.go:366.38,372.2 5 1
github.com/LastMile-Innovations/snid/generator.go:375.35,375.72 1 1
github.com/LastMile-Innovations/snid/generator.go:378.29,380.30 2 1
github.com/LastMile-Innovations/snid/generator.go:380.30,383.3 2 1
github.com/LastMile-Innovations/snid/generator.go:384.2,384.10 1 1
github.com/LastMile-Innovations/snid/generator.go:388.36,390.30 2 1
github.com/LastMile-Innovations/snid/generator.go:390.30,392.27 2 1
github.com/LastMile-Innovations/snid/generator.go:392.27,394.4 1 1
github.com/LastMile-Innovations/snid/generator.go:395.3,396.16 2 1
github.com/LastMile-Innovations/snid/generator.go:398.2,398.10 1 1
github.com/LastMile-Innovations/snid/generator.go:402.36,404.30 2 1
github.com/LastMile-Innovations/snid/generator.go:404.30,406.27 2 1
github.com/LastMile-Innovations/snid/generator.go:406.27,408.4 1 1
github.com/LastMile-Innovations/snid/generator.go:409.3,410.21 2 1
github.com/LastMile-Innovations/snid/generator.go:412.2,412.10 1 1
github.com/LastMile-Innovations/snid/generator.go:416.36,418.30 2 1
github.com/LastMile-Innovations/snid/generator.go:418.30,420.27 2 1
github.com/LastMile-Innovations/snid/generator.go:420.27,422.4 1 0
github.com/LastMile-Innovations/snid/generator.go:423.3,424.21 2 1
github.com/LastMile-Innovations/snid/generator.go:426.2,426.10 1 1
github.com/LastMile-Innovations/snid/generator.go:430.30,431.12 1 1
github.com/LastMile-Innovations/snid/generator.go:431.12,433.3 1 0
github.com/LastMile-Innovations/snid/generator.go:434.2,440.14 7 1
github.com/LastMile-Innovations/snid/generator.go:444.34,444.79 1 1
github.com/LastMile-Innovations/snid/generator.go:447.34,447.54 1 0
github.com/LastMile-Innovations/snid/generator.go:450.86,462.2 6 1
github.com/LastMile-Innovations/snid/identity.go:17.19,17.39 1 0
github.com/LastMile-Innovations/snid/identity.go:21.22,21.42 1 0
github.com/LastMile-Innovations/snid/identity.go:25.21,25.41 1 1
github.com/LastMile-Innovations/snid/identity.go:29.20,29.40 1 0
github.com/LastMile-Innovations/snid/identity.go:36.34,36.64 1 0
github.com/LastMile-Innovations/snid/identity.go:39.37,39.66 1 0
github.com/LastMile-Innovations/snid/identity.go:42.36,42.64 1 1
github.com/LastMile-Innovations/snid/identity.go:45.35,45.62 1 0
github.com/LastMile-Innovations/snid/identity.go:54.36,55.16 1 1
github.com/LastMile-Innovations/snid/identity.go:55.16,57.3 1 1
github.com/LastMile-Innovations/snid/identity.go:58.2,59.34 2 1
github.com/LastMile-Innovations/snid/identity.go:59.34,61.3 1 1
github.com/LastMile-Innovations/snid/identity.go:62.2,62.41 1 0
github.com/LastMile-Innovations/snid/identity.go:62.41,64.3 1 0
github.com/LastMile-Innovations/snid/identity.go:65.2,66.24 2 0
github.com/LastMile-Innovations/snid/identity.go:66.24,68.3 1 0
github.com/LastMile-Innovations/snid/identity.go:69.2,69.28 1 0
github.com/LastMile-Innovations/snid/identity.go:73.30,73.70 1 0
github.com/LastMile-Innovations/snid/identity.go:76.33,76.72 1 0
github.com/LastMile-Innovations/snid/identity.go:79.32,79.70 1 0
github.com/LastMile-Innovations/snid/identity.go:82.31,82.68 1 0
github.com/LastMile-Innovations/snid/identity.go:90.34,92.2 1 0
github.com/LastMile-Innovations/snid/identity.go:96.32,99.23 3 0
github.com/LastMile-Innovations/snid/identity.go:99.23,102.3 2 0
github.com/LastMile-Innovations/snid/identity.go:103.2,103.20 1 0
github.com/LastMile-Innovations/snid/identity.go:113.43,115.2 1 0
github.com/LastMile-Innovations/snid/identity.go:118.42,120.2 1 0
github.com/LastMile-Innovations/snid/identity.go:124.43,126.2 1 0
github.com/LastMile-Innovations/snid/identity.go:133.40,135.19 2 0
github.com/LastMile-Innovations/snid/identity.go:135.19,137.3 1 0
github.com/LastMile-Innovations/snid/identity.go:138.2,138.15 1 0
github.com/LastMile-Innovations/snid/identity.go:142.42,144.19 2 0
github.com/LastMile-Innovations/snid/identity.go:144.19,146.3 1 0
github.com/LastMile-Innovations/snid/identity.go:147.2,147.15 1 0
github.com/LastMile-Innovations/snid/identity.go:151.43,153.19 2 0
github.com/LastMile-Innovations/snid/identity.go:153.19,155.3 1 0
github.com/LastMile-Innovations/snid/identity.go:156.2,156.15 1 0
github.com/LastMile-Innovations/snid/identity.go:166.42,167.20 1 0
github.com/LastMile-Innovations/snid/identity.go:167.20,169.3 1 0
github.com/LastMile-Innovations/snid/identity.go:171.2,173.35 2 0
github.com/LastMile-Innovations/snid/lid.go:16.72,17.19 1 1
github.com/LastMile-Innovations/snid/lid.go:17.19,19.3 1 1
github.com/LastMile-Innovations/snid/lid.go:20.2,20.18 1 1
github.com/LastMile-Innovations/snid/lid.go:20.18,26.3 4 1
github.com/LastMile-Innovations/snid/lid.go:27.2,27.17 1 1
github.com/LastMile-Innovations/snid/lid.go:30.77,39.2 8 1
github.com/LastMile-Innovations/snid/lid.go:41.74,49.2 7 1
github.com/LastMile-Innovations/snid/lid.go:52.24,56.2 3 1
github.com/LastMile-Innovations/snid/lid.go:59.35,63.2 3 1
github.com/LastMile-Innovations/snid/lid.go:66.69,67.19 1 1
github.com/LastMile-Innovations/snid/lid.go:67.19,69.3 1 0
github.com/LastMile-Innovations/snid/lid.go:70.2,70.18 1 1
github.com/LastMile-Innovations/snid/lid.go:70.18,72.38 2 1
github.com/LastMile-Innovations/snid/lid.go:72.38,75.4 2 1
github.com/LastMile-Innovations/snid/lid.go:77.3,78.37 2 1
github.com/LastMile-Innovations/snid/lid.go:80.2,80.8 1 1
github.com/LastMile-Innovations/snid/lid.go:84.30,86.2 1 0
github.com/LastMile-Innovations/snid/neural.go:14.58,23.2 5 0
github.com/LastMile-Innovations/snid/neural.go:26.100,28.2 1 0
github.com/LastMile-Innovations/snid/neural.go:31.48,33.2 1 1
github.com/LastMile-Innovations/snid/neural.go:36.55,38.2 1 1
github.com/LastMile-Innovations/snid/neural.go:41.54,43.2 1 0
github.com/LastMile-Innovations/snid/neural.go:46.67,48.2 1 0
github.com/LastMile-Innovations/snid/neural.go:51.29,55.2 3 1
github.com/LastMile-Innovations/snid/neural.go:58.43,62.2 3 1
github.com/LastMile-Innovations/snid/neural.go:65.67,67.2 1 0
github.com/LastMile-Innovations/snid/neural.go:71.72,72.26 1 0
github.com/LastMile-Innovations/snid/neural.go:72.26,74.3 1 0
github.com/LastMile-Innovations/snid/neural.go:75.2,77.28 3 0
github.com/LastMile-Innovations/snid/neural.go:77.28,79.3 1 0
github.com/LastMile-Innovations/snid/neural.go:80.2,80.12 1 0
github.com/LastMile-Innovations/snid/neural.go:84.85,85.26 1 0
github.com/LastMile-Innovations/snid/neural.go:85.26,87.3 1 0
github.com/LastMile-Innovations/snid/neural.go:89.2,91.28 3 0
github.com/LastMile-Innovations/snid/neural.go:91.28,92.81 1 0
github.com/LastMile-Innovations/snid/neural.go:92.81,94.4 1 0
github.com/LastMile-Innovations/snid/neural.go:96.2,96.12 1 0
github.com/LastMile-Innovations/snid/neural.go:100.68,101.36 1 0
github.com/LastMile-Innovations/snid/neural.go:101.36,103.3 1 0
github.com/LastMile-Innovations/snid/neural.go:105.2,111.28 4 0
github.com/LastMile-Innovations/snid/neural.go:111.28,116.3 1 0
github.com/LastMile-Innovations/snid/neural.go:117.2,117.44 1 0
github.com/LastMile-Innovations/snid/neural.go:117.44,118.45 1 0
github.com/LastMile-Innovations/snid/neural.go:118.45,120.4 1 0
github.com/LastMile-Innovations/snid/neural.go:121.3,121.47 1 0
github.com/LastMile-Innovations/snid/neural.go:123.2,123.24 1 0
github.com/LastMile-Innovations/snid/neural.go:123.24,125.3 1 0
github.com/LastMile-Innovations/snid/neural.go:126.2,127.25 2 0
github.com/LastMile-Innovations/snid/neural.go:127.25,129.3 1 0
github.com/LastMile-Innovations/snid/neural.go:130.2,130.12 1 0
github.com/LastMile-Innovations/snid/neural.go:134.35,136.2 1 0
github.com/LastMile-Innovations/snid/ontology.go:59.36,60.14 1 1
github.com/LastMile-Innovations/snid/ontology.go:61.20,62.16 1 0
github.com/LastMile-Innovations/snid/ontology.go:63.25,64.16 1 0
github.com/LastMile-Innovations/snid/ontology.go:65.22,66.14 1 0
github.com/LastMile-Innovations/snid/ontology.go:67.21,68.15 1 0
github.com/LastMile-Innovations/snid/ontology.go:69.24,70.15 1 0
github.com/LastMile-Innovations/snid/ontology.go:71.21,72.18 1 0
github.com/LastMile-Innovations/snid/ontology.go:73.19,74.16 1 0
github.com/LastMile-Innovations/snid/ontology.go:75.17,76.18 1 0
github.com/LastMile-Innovations/snid/ontology.go:77.24,78.15 1 0
github.com/LastMile-Innovations/snid/ontology.go:79.10,80.14 1 1
github.com/LastMile-Innovations/snid/projections.go:23.51,29.20 2 1
github.com/LastMile-Innovations/snid/projections.go:29.20,33.3 3 0
github.com/LastMile-Innovations/snid/projections.go:34.2,37.12 4 1
github.com/LastMile-Innovations/snid/projections.go:41.52,43.27 2 1
github.com/LastMile-Innovations/snid/projections.go:43.27,45.3 1 1
github.com/LastMile-Innovations/snid/projections.go:46.2,46.51 1 1
github.com/LastMile-Innovations/snid/projections.go:50.31,52.2 1 1
github.com/LastMile-Innovations/snid/projections.go:55.44,57.13 2 1
github.com/LastMile-Innovations/snid/projections.go:57.13,59.3 1 1
github.com/LastMile-Innovations/snid/projections.go:59.8,61.3 1 1
github.com/LastMile-Innovations/snid/projections.go:62.2,63.11 2 1
github.com/LastMile-Innovations/snid/projections.go:67.41,69.15 2 1
github.com/LastMile-Innovations/snid/projections.go:69.15,71.3 1 0
github.com/LastMile-Innovations/snid/projections.go:72.2,74.28 3 1
github.com/LastMile-Innovations/snid/projections.go:74.28,76.17 2 1
github.com/LastMile-Innovations/snid/projections.go:76.17,78.4 1 0
github.com/LastMile-Innovations/snid/projections.go:79.3,79.36 1 1
github.com/LastMile-Innovations/snid/projections.go:81.2,81.12 1 1
github.com/LastMile-Innovations/snid/projections.go:85.47,90.2 4 1
github.com/LastMile-Innovations/snid/projections.go:93.58,94.20 1 1
github.com/LastMile-Innovations/snid/projections.go:94.20,96.3 1 1
github.com/LastMile-Innovations/snid/projections.go:97.2,97.94 1 1
github.com/LastMile-Innovations/snid/projections.go:101.53,104.2 2 0
github.com/LastMile-Innovations/snid/secret_bridge_fallback.go:6.25,8.2 1 1
github.com/LastMile-Innovations/snid/singularity.go:43.24,44.28 1 0
github.com/LastMile-Innovations/snid/singularity.go:44.28,47.43 2 0
github.com/LastMile-Innovations/snid/singularity.go:47.43,48.58 1 0
github.com/LastMile-Innovations/snid/singularity.go:51.3,56.42 3 0
github.com/LastMile-Innovations/snid/singularity.go:56.42,57.39 1 0
github.com/LastMile-Innovations/snid/singularity.go:60.3,65.4 2 0
github.com/LastMile-Innovations/snid/singularity.go:72.26,75.2 2 0
github.com/LastMile-Innovations/snid/singularity.go:78.42,84.25 3 0
github.com/LastMile-Innovations/snid/singularity.go:84.25,88.3 2 0
github.com/LastMile-Innovations/snid/singularity.go:88.8,93.27 2 0
github.com/LastMile-Innovations/snid/singularity.go:93.27,96.4 2 0
github.com/LastMile-Innovations/snid/singularity.go:99.2,103.31 3 0
github.com/LastMile-Innovations/snid/singularity.go:103.31,108.3 3 0
github.com/LastMile-Innovations/snid/singularity.go:112.2,131.11 9 0
github.com/LastMile-Innovations/snid/singularity.go:135.35,147.19 7 0
github.com/LastMile-Innovations/snid/singularity.go:147.19,149.26 1 0
github.com/LastMile-Innovations/snid/singularity.go:149.26,152.4 2 0
github.com/LastMile-Innovations/snid/singularity.go:152.9,154.28 2 0
github.com/LastMile-Innovations/snid/singularity.go:154.28,157.29 2 0
github.com/LastMile-Innovations/snid/singularity.go:157.29,159.6 1 0
github.com/LastMile-Innovations/snid/singularity.go:159.11,161.6 1 0
github.com/LastMile-Innovations/snid/singularity.go:162.5,162.21 1 0
github.com/LastMile-Innovations/snid/singularity.go:166.3,166.32 1 0
github.com/LastMile-Innovations/snid/singularity.go:166.32,170.4 3 0
github.com/LastMile-Innovations/snid/singularity.go:172.3,179.45 6 0
github.com/LastMile-Innovations/snid/singularity.go:182.2,182.12 1 0
github.com/LastMile-Innovations/snid/snid.go:73.24,73.44 1 0
github.com/LastMile-Innovations/snid/snid.go:80.38,83.2 2 1
github.com/LastMile-Innovations/snid/snid.go:86.54,89.2 2 1
github.com/LastMile-Innovations/snid/snid.go:94.64,96.2 1 1
github.com/LastMile-Innovations/snid/snid.go:101.51,103.2 1 1
github.com/LastMile-Innovations/snid/snid.go:108.28,109.20 1 0
github.com/LastMile-Innovations/snid/snid.go:109.20,111.3 1 0
github.com/LastMile-Innovations/snid/snid.go:112.2,113.11 2 0
github.com/LastMile-Innovations/snid/snid.go:114.9,115.21 1 0
github.com/LastMile-Innovations/snid/snid.go:116.10,117.19 1 0
github.com/LastMile-Innovations/snid/snid.go:118.10,119.18 1 0
github.com/LastMile-Innovations/snid/snid.go:124.36,126.2 1 0
github.com/LastMile-Innovations/snid/snid.go:129.28,131.2 1 0
github.com/LastMile-Innovations/snid/snid.go:134.28,134.54 1 1
github.com/LastMile-Innovations/snid/snid.go:139.31,141.2 1 1
github.com/LastMile-Innovations/snid/snid.go:144.31,144.55 1 1
github.com/LastMile-Innovations/snid/snid.go:147.29,147.45 1 0
github.com/LastMile-Innovations/snid/snid.go:150.36,152.14 2 0
github.com/LastMile-Innovations/snid/snid.go:152.14,153.14 1 0
github.com/LastMile-Innovations/snid/snid.go:153.14,155.4 1 0
github.com/LastMile-Innovations/snid/snid.go:156.3,156.11 1 0
github.com/LastMile-Innovations/snid/snid.go:158.2,159.13 2 0
github.com/LastMile-Innovations/snid/snid.go:159.13,161.3 1 0
github.com/LastMile-Innovations/snid/snid.go:162.2,162.13 1 0
github.com/LastMile-Innovations/snid/snid.go:162.13,164.3 1 0
github.com/LastMile-Innovations/snid/snid.go:165.2,165.10 1 0
github.com/LastMile-Innovations/snid/snid.go:169.40,169.68 1 0
github.com/LastMile-Innovations/snid/snid.go:172.36,172.68 1 0
github.com/LastMile-Innovations/snid/snid.go:175.35,175.67 1 0
github.com/LastMile-Innovations/snid/snid.go:180.29,182.23 2 0
github.com/LastMile-Innovations/snid/snid.go:182.23,185.3 2 0
github.com/LastMile-Innovations/snid/snid.go:186.2,188.40 1 0
github.com/LastMile-Innovations/snid/snid.go:192.31,194.2 1 1
github.com/LastMile-Innovations/snid/snid.go:197.40,198.21 1 1
github.com/LastMile-Innovations/snid/snid.go:198.21,200.3 1 0
github.com/LastMile-Innovations/snid/snid.go:201.2,205.49 4 1
github.com/LastMile-Innovations/snid/snid.go:209.38,210.18 1 1
github.com/LastMile-Innovations/snid/snid.go:210.18,212.3 1 1
github.com/LastMile-Innovations/snid/snid.go:213.2,215.16 3 1
github.com/LastMile-Innovations/snid/snid.go:219.31,219.47 1 0
github.com/LastMile-Innovations/snid/snid.go:222.45,226.2 3 1
github.com/LastMile-Innovations/snid/snid.go:229.62,233.2 3 0
github.com/LastMile-Innovations/snid/snid.go:236.34,237.14 1 1
github.com/LastMile-Innovations/snid/snid.go:238.133,239.14 1 1
github.com/LastMile-Innovations/snid/snid.go:240.145,241.14 1 0
github.com/LastMile-Innovations/snid/snid.go:242.10,243.15 1 1
github.com/LastMile-Innovations/snid/snid.go:248.45,251.2 2 1
github.com/LastMile-Innovations/snid/snid.go:253.67,254.15 1 1
github.com/LastMile-Innovations/snid/snid.go:254.15,256.3 1 0
github.com/LastMile-Innovations/snid/snid.go:257.2,258.18 2 1
github.com/LastMile-Innovations/snid/snid.go:258.18,260.3 1 1
github.com/LastMile-Innovations/snid/snid.go:263.2,265.54 3 1
github.com/LastMile-Innovations/snid/snid.go:265.54,266.37 1 1
github.com/LastMile-Innovations/snid/snid.go:266.37,269.9 3 1
github.com/LastMile-Innovations/snid/snid.go:272.2,272.18 1 1
github.com/LastMile-Innovations/snid/snid.go:272.18,274.3 1 1
github.com/LastMile-Innovations/snid/snid.go:275.2,276.53 2 1
github.com/LastMile-Innovations/snid/snid.go:276.53,278.3 1 0
github.com/LastMile-Innovations/snid/snid.go:280.2,281.24 2 1
github.com/LastMile-Innovations/snid/snid.go:281.24,283.3 1 1
github.com/LastMile-Innovations/snid/snid.go:284.2,287.22 3 1
github.com/LastMile-Innovations/snid/snid.go:287.22,289.3 1 1
github.com/LastMile-Innovations/snid/snid.go:290.2,290.37 1 1
github.com/LastMile-Innovations/snid/snid.go:290.37,292.3 1 1
github.com/LastMile-Innovations/snid/snid.go:294.2,296.49 3 1
github.com/LastMile-Innovations/snid/snid.go:296.49,298.3 1 0
github.com/LastMile-Innovations/snid/snid.go:299.2,299.39 1 1
github.com/LastMile-Innovations/snid/snid.go:299.39,301.3 1 0
github.com/LastMile-Innovations/snid/snid.go:303.2,303.56 1 1
github.com/LastMile-Innovations/snid/snid.go:303.56,305.3 1 1
github.com/LastMile-Innovations/snid/snid.go:307.2,308.26 2 1
github.com/LastMile-Innovations/snid/snid.go:312.44,313.15 1 1
github.com/LastMile-Innovations/snid/snid.go:313.15,315.3 1 0
github.com/LastMile-Innovations/snid/snid.go:316.2,317.18 2 1
github.com/LastMile-Innovations/snid/snid.go:317.18,319.3 1 0
github.com/LastMile-Innovations/snid/snid.go:320.2,320.33 1 1
github.com/LastMile-Innovations/snid/snid.go:320.33,322.3 1 0
github.com/LastMile-Innovations/snid/snid.go:323.2,325.49 3 1
github.com/LastMile-Innovations/snid/snid.go:325.49,327.3 1 1
github.com/LastMile-Innovations/snid/snid.go:328.2,328.39 1 1
github.com/LastMile-Innovations/snid/snid.go:328.39,330.3 1 1
github.com/LastMile-Innovations/snid/snid.go:331.2,331.52 1 1
github.com/LastMile-Innovations/snid/snid.go:331.52,333.3 1 0
github.com/LastMile-Innovations/snid/snid.go:334.2,334.12 1 1
github.com/LastMile-Innovations/snid/snid.go:337.52,339.56 2 1
github.com/LastMile-Innovations/snid/snid.go:339.56,341.3 1 1
github.com/LastMile-Innovations/snid/snid.go:342.2,343.54 2 1
github.com/LastMile-Innovations/snid/snid.go:343.54,345.3 1 1
github.com/LastMile-Innovations/snid/snid.go:346.2,346.36 1 1
github.com/LastMile-Innovations/snid/snid.go:350.54,352.25 2 0
github.com/LastMile-Innovations/snid/snid.go:352.25,354.17 2 0
github.com/LastMile-Innovations/snid/snid.go:354.17,356.4 1 0
github.com/LastMile-Innovations/snid/snid.go:357.3,357.18 1 0
github.com/LastMile-Innovations/snid/snid.go:359.2,359.24 1 0
github.com/LastMile-Innovations/snid/spatial.go:10.63,13.2 2 0
github.com/LastMile-Innovations/snid/spatial.go:16.31,18.2 1 1
github.com/LastMile-Innovations/snid/spatial.go:21.32,23.15 2 0
github.com/LastMile-Innovations/snid/spatial.go:23.15,25.3 1 0
github.com/LastMile-Innovations/snid/spatial.go:26.2,26.22 1 0
github.com/LastMile-Innovations/snid/spatial.go:30.42,32.15 2 1
github.com/LastMile-Innovations/snid/spatial.go:32.15,34.3 1 0
github.com/LastMile-Innovations/snid/spatial.go:35.2,36.16 2 1
github.com/LastMile-Innovations/snid/spatial.go:36.16,38.3 1 0
github.com/LastMile-Innovations/snid/spatial.go:39.2,39.23 1 1
github.com/LastMile-Innovations/snid/spatial.go:43.40,45.15 2 0
github.com/LastMile-Innovations/snid/spatial.go:45.15,47.3 1 0
github.com/LastMile-Innovations/snid/spatial.go:48.2,49.16 2 0
github.com/LastMile-Innovations/snid/spatial.go:49.16,51.3 1 0
github.com/LastMile-Innovations/snid/spatial.go:53.2,60.12 8 0
github.com/LastMile-Innovations/snid/spatial.go:64.42,74.27 9 0
github.com/LastMile-Innovations/snid/spatial.go:74.27,76.3 1 0
github.com/LastMile-Innovations/snid/spatial.go:77.2,78.19 2 0
github.com/LastMile-Innovations/snid/spatial.go:81.28,82.36 1 0
github.com/LastMile-Innovations/snid/spatial.go:82.36,84.17 2 0
github.com/LastMile-Innovations/snid/spatial.go:84.17,86.4 1 0
github.com/LastMile-Innovations/snid/spatial.go:88.2,88.11 1 0
github.com/LastMile-Innovations/snid/stream.go:42.38,43.15 1 0
github.com/LastMile-Innovations/snid/stream.go:43.15,45.3 1 0
github.com/LastMile-Innovations/snid/stream.go:47.2,54.10 3 0
github.com/LastMile-Innovations/snid/stream.go:64.30,65.24 1 0
github.com/LastMile-Innovations/snid/stream.go:65.24,67.3 1 0
github.com/LastMile-Innovations/snid/stream.go:68.2,70.11 3 0
github.com/LastMile-Innovations/snid/stream.go:78.36,82.2 3 0
github.com/LastMile-Innovations/snid/stream.go:86.36,88.2 1 0
github.com/LastMile-Innovations/snid/stream.go:91.31,93.2 1 0
github.com/LastMile-Innovations/snid/stream.go:97.28,99.2 1 0
github.com/LastMile-Innovations/snid/stream.go:102.29,105.2 2 0
github.com/LastMile-Innovations/snid/stream.go:156.57,157.18 1 0
github.com/LastMile-Innovations/snid/stream.go:157.18,159.3 1 0
github.com/LastMile-Innovations/snid/stream.go:160.2,176.10 4 0
github.com/LastMile-Innovations/snid/stream.go:181.83,182.76 1 0
github.com/LastMile-Innovations/snid/stream.go:182.76,184.3 1 0
github.com/LastMile-Innovations/snid/stream.go:185.2,185.62 1 0
github.com/LastMile-Innovations/snid/stream.go:185.62,187.3 1 0
github.com/LastMile-Innovations/snid/stream.go:188.2,188.10 1 0
github.com/LastMile-Innovations/snid/stream.go:192.67,193.33 1 0
github.com/LastMile-Innovations/snid/stream.go:193.33,195.26 2 0
github.com/LastMile-Innovations/snid/stream.go:195.26,197.4 1 0
github.com/LastMile-Innovations/snid/stream.go:199.2,199.10 1 0
github.com/LastMile-Innovations/snid/stream.go:208.38,209.31 1 0
github.com/LastMile-Innovations/snid/stream.go:209.31,211.3 1 0
github.com/LastMile-Innovations/snid/stream.go:212.2,214.11 3 0
github.com/LastMile-Innovations/snid/stream.go:221.44,225.2 3 0
github.com/LastMile-Innovations/snid/stream.go:228.44,230.2 1 0
github.com/LastMile-Innovations/snid/stream.go:233.46,235.2 1 0
github.com/LastMile-Innovations/snid/stream.go:238.54,241.23 3 0
github.com/LastMile-Innovations/snid/stream.go:241.23,243.3 1 0
github.com/LastMile-Innovations/snid/stream.go:244.2,252.3 1 0
github.com/LastMile-Innovations/snid/stream.go:256.36,259.2 2 0
github.com/LastMile-Innovations/snid/stream.go:263.45,267.23 2 0
github.com/LastMile-Innovations/snid/stream.go:267.23,269.3 1 0
github.com/LastMile-Innovations/snid/stream.go:272.2,272.36 1 0
github.com/LastMile-Innovations/snid/stream.go:272.36,278.3 2 0
github.com/LastMile-Innovations/snid/stream.go:278.8,278.52 1 0
github.com/LastMile-Innovations/snid/stream.go:278.52,284.3 2 0
github.com/LastMile-Innovations/snid/stream.go:288.2,293.14 4 0
github.com/LastMile-Innovations/snid/stream.go:301.44,302.28 1 0
github.com/LastMile-Innovations/snid/stream.go:302.28,304.3 1 0
github.com/LastMile-Innovations/snid/stream.go:306.2,311.19 4 0
github.com/LastMile-Innovations/snid/stream.go:311.19,314.3 2 0
github.com/LastMile-Innovations/snid/stream.go:316.2,322.14 5 0
github.com/LastMile-Innovations/snid/stream.go:322.14,324.19 2 0
github.com/LastMile-Innovations/snid/stream.go:324.19,328.4 3 0
github.com/LastMile-Innovations/snid/stream.go:330.3,351.28 15 0
github.com/LastMile-Innovations/snid/stream.go:354.2,358.10 4 0
github.com/LastMile-Innovations/snid/stream.go:363.38,365.2 1 0
github.com/LastMile-Innovations/snid/stream.go:368.30,370.2 1 0
github.com/LastMile-Innovations/snid/stream.go:374.30,376.2 1 0
github.com/LastMile-Innovations/snid/stream.go:380.38,382.2 1 0
github.com/LastMile-Innovations/snid/stream.go:411.48,412.15 1 1
github.com/LastMile-Innovations/snid/stream.go:412.15,414.3 1 0
github.com/LastMile-Innovations/snid/stream.go:415.2,434.10 8 1
github.com/LastMile-Innovations/snid/stream.go:441.35,442.24 1 1
github.com/LastMile-Innovations/snid/stream.go:442.24,444.3 1 1
github.com/LastMile-Innovations/snid/stream.go:445.2,447.11 3 1
github.com/LastMile-Innovations/snid/stream.go:453.41,457.2 3 0
github.com/LastMile-Innovations/snid/stream.go:460.41,462.2 1 0
github.com/LastMile-Innovations/snid/stream.go:465.36,467.2 1 0
github.com/LastMile-Innovations/snid/stream.go:470.33,472.2 1 0
github.com/LastMile-Innovations/snid/stream.go:476.34,479.19 2 1
github.com/LastMile-Innovations/snid/stream.go:479.19,482.3 2 0
github.com/LastMile-Innovations/snid/stream.go:484.2,492.17 6 1
github.com/LastMile-Innovations/snid/stream.go:492.17,494.19 2 1
github.com/LastMile-Innovations/snid/stream.go:494.19,498.4 3 0
github.com/LastMile-Innovations/snid/stream.go:500.3,521.28 15 1
github.com/LastMile-Innovations/snid/stream.go:524.2,526.14 3 1
github.com/LastMile-Innovations/snid/stream.go:546.55,547.20 1 0
github.com/LastMile-Innovations/snid/stream.go:547.20,549.3 1 0
github.com/LastMile-Innovations/snid/stream.go:550.2,553.3 1 0
github.com/LastMile-Innovations/snid/stream.go:558.36,560.2 1 0
github.com/LastMile-Innovations/snid/stream.go:563.38,565.2 1 0
github.com/LastMile-Innovations/snid/stream.go:575.18,577.3 1 0
github.com/LastMile-Innovations/snid/stream.go:586.38,588.2 1 0
github.com/LastMile-Innovations/snid/stream.go:592.39,593.14 1 0
github.com/LastMile-Innovations/snid/stream.go:593.14,595.3 1 0
github.com/LastMile-Innovations/snid/structure.go:7.58,18.18 5 1
github.com/LastMile-Innovations/snid/structure.go:18.18,21.3 2 0
github.com/LastMile-Innovations/snid/structure.go:21.8,23.3 1 1
github.com/LastMile-Innovations/snid/structure.go:25.2,35.11 8 1
github.com/LastMile-Innovations/snid/structure.go:39.58,59.2 6 1
github.com/LastMile-Innovations/snid/turbo_encoding.go:11.13,12.26 1 1
github.com/LastMile-Innovations/snid/turbo_encoding.go:12.26,14.3 1 1
github.com/LastMile-Innovations/snid/turbo_encoding.go:15.2,15.36 1 1
github.com/LastMile-Innovations/snid/turbo_encoding.go:15.36,18.57 2 1
github.com/LastMile-Innovations/snid/turbo_encoding.go:18.57,20.4 1 1
github.com/LastMile-Innovations/snid/turbo_encoding.go:25.44,30.21 4 0
github.com/LastMile-Innovations/snid/turbo_encoding.go:30.21,35.3 4 0
github.com/LastMile-Innovations/snid/turbo_encoding.go:35.8,38.3 2 0
github.com/LastMile-Innovations/snid/turbo_encoding.go:41.2,70.33 27 0
github.com/LastMile-Innovations/snid/turbo_encoding.go:74.50,75.50 1 0
github.com/LastMile-Innovations/snid/turbo_encoding.go:75.50,77.3 1 0
github.com/LastMile-Innovations/snid/turbo_encoding.go:78.2,78.40 1 0
github.com/LastMile-Innovations/snid/turbo_encoding.go:78.40,80.3 1 0
github.com/LastMile-Innovations/snid/turbo_encoding.go:81.2,84.24 3 0
github.com/LastMile-Innovations/snid/turbo_encoding.go:84.24,86.3 1 0
github.com/LastMile-Innovations/snid/turbo_encoding.go:87.2,92.20 3 0
github.com/LastMile-Innovations/snid/turbo_encoding.go:92.20,93.31 1 0
github.com/LastMile-Innovations/snid/turbo_encoding.go:93.31,95.4 1 0
github.com/LastMile-Innovations/snid/turbo_encoding.go:99.2,99.33 1 0
github.com/LastMile-Innovations/snid/turbo_encoding.go:99.33,101.3 1 0
github.com/LastMile-Innovations/snid/turbo_encoding.go:104.2,159.18 25 0
github.com/LastMile-Innovations/snid/turbo_generator.go:6.27,7.12 1 1
github.com/LastMile-Innovations/snid/turbo_generator.go:7.12,9.3 1 0
github.com/LastMile-Innovations/snid/turbo_generator.go:10.2,16.19 5 1
github.com/LastMile-Innovations/snid/turbo_generator.go:16.19,19.3 2 1
github.com/LastMile-Innovations/snid/turbo_generator.go:21.2,25.21 4 1
github.com/LastMile-Innovations/snid/turbo_generator.go:25.21,27.19 2 1
github.com/LastMile-Innovations/snid/turbo_generator.go:27.19,31.4 3 0
github.com/LastMile-Innovations/snid/turbo_generator.go:33.3,46.28 10 1
github.com/LastMile-Innovations/snid/turbo_generator.go:49.2,53.12 4 1
github.com/LastMile-Innovations/snid/turbo_security.go:19.59,20.65 1 0
github.com/LastMile-Innovations/snid/turbo_security.go:20.65,22.3 1 0
github.com/LastMile-Innovations/snid/turbo_security.go:23.2,23.18 1 0
github.com/LastMile-Innovations/snid/turbo_security.go:23.18,25.15 2 0
github.com/LastMile-Innovations/snid/turbo_security.go:25.15,28.4 2 0
github.com/LastMile-Innovations/snid/turbo_security.go:29.3,29.31 1 0
github.com/LastMile-Innovations/snid/turbo_security.go:31.2,31.8 1 0
github.com/LastMile-Innovations/snid/turbo_security.go:36.77,37.18 1 0
github.com/LastMile-Innovations/snid/turbo_security.go:37.18,41.14 4 0
github.com/LastMile-Innovations/snid/turbo_security.go:41.14,43.4 1 0
github.com/LastMile-Innovations/snid/turbo_security.go:45.3,50.4 1 0
github.com/LastMile-Innovations/snid/turbo_security.go:52.2,52.8 1 0
github.com/LastMile-Innovations/snid/turbo_security.go:57.54,58.18 1 0
github.com/LastMile-Innovations/snid/turbo_security.go:58.18,59.61 1 0
github.com/LastMile-Innovations/snid/turbo_security.go:59.61,62.4 2 0
github.com/LastMile-Innovations/snid/turbo_security.go:64.3,65.17 2 0
github.com/LastMile-Innovations/snid/turbo_security.go:65.17,67.68 2 0
github.com/LastMile-Innovations/snid/turbo_security.go:67.68,70.5 2 0
github.com/LastMile-Innovations/snid/turbo_security.go:73.3,74.68 2 0
github.com/LastMile-Innovations/snid/turbo_security.go:76.2,76.8 1 0
github.com/LastMile-Innovations/snid/turbo_security.go:85.68,91.19 3 1
github.com/LastMile-Innovations/snid/turbo_security.go:91.19,98.3 4 1
github.com/LastMile-Innovations/snid/turbo_security.go:101.2,104.12 3 1
github.com/LastMile-Innovations/snid/turbo_security.go:107.87,118.2 9 1
github.com/LastMile-Innovations/snid/types.go:19.44,20.21 1 1
github.com/LastMile-Innovations/snid/types.go:21.18,22.14 1 1
github.com/LastMile-Innovations/snid/types.go:23.10,24.15 1 1
github.com/LastMile-Innovations/snid/types.go:40.72,41.18 1 1
github.com/LastMile-Innovations/snid/types.go:41.18,45.14 4 1
github.com/LastMile-Innovations/snid/types.go:45.14,47.4 1 1
github.com/LastMile-Innovations/snid/types.go:48.3,53.4 1 1
github.com/LastMile-Innovations/snid/types.go:55.2,55.8 1 1
github.com/LastMile-Innovations/snid/types.go:59.50,60.32 1 1
github.com/LastMile-Innovations/snid/types.go:60.32,62.3 1 1
github.com/LastMile-Innovations/snid/types.go:63.2,63.18 1 1
github.com/LastMile-Innovations/snid/types.go:63.18,64.61 1 1
github.com/LastMile-Innovations/snid/types.go:64.61,67.4 2 0
github.com/LastMile-Innovations/snid/types.go:68.3,69.17 2 1
github.com/LastMile-Innovations/snid/types.go:69.17,71.47 2 1
github.com/LastMile-Innovations/snid/types.go:71.47,74.5 2 1
github.com/LastMile-Innovations/snid/types.go:77.3,78.47 2 0
github.com/LastMile-Innovations/snid/types.go:80.2,80.8 1 1
github.com/LastMile-Innovations/snid/types.go:84.43,86.18 2 1
github.com/LastMile-Innovations/snid/types.go:86.18,88.3 1 1
github.com/LastMile-Innovations/snid/types.go:89.2,91.27 3 1
github.com/LastMile-Innovations/snid/types.go:91.27,94.3 2 1
github.com/LastMile-Innovations/snid/types.go:95.2,96.60 2 1
github.com/LastMile-Innovations/snid/types.go:100.65,102.18 2 1
github.com/LastMile-Innovations/snid/types.go:102.18,104.3 1 0
github.com/LastMile-Innovations/snid/types.go:106.2,113.17 6 1
github.com/LastMile-Innovations/snid/types.go:113.17,116.17 3 1
github.com/LastMile-Innovations/snid/types.go:116.17,118.4 1 0
github.com/LastMile-Innovations/snid/types.go:119.3,119.31 1 1
github.com/LastMile-Innovations/snid/types.go:120.8,122.3 1 0
github.com/LastMile-Innovations/snid/types.go:124.2,126.16 3 1
github.com/LastMile-Innovations/snid/types.go:126.16,128.3 1 0
github.com/LastMile-Innovations/snid/types.go:130.2,131.16 2 1
github.com/LastMile-Innovations/snid/types.go:131.16,133.3 1 0
github.com/LastMile-Innovations/snid/types.go:135.2,136.23 2 1
github.com/LastMile-Innovations/snid/types.go:136.23,138.3 1 1
github.com/LastMile-Innovations/snid/types.go:139.2,139.21 1 1
github.com/LastMile-Innovations/snid/types.go:151.48,153.2 1 1
github.com/LastMile-Innovations/snid/types.go:157.69,161.2 3 0
github.com/LastMile-Innovations/snid/types.go:164.33,166.2 1 0
github.com/LastMile-Innovations/snid/types.go:169.45,170.21 1 1
github.com/LastMile-Innovations/snid/types.go:170.21,172.3 1 0
github.com/LastMile-Innovations/snid/types.go:173.2,178.49 6 1
github.com/LastMile-Innovations/snid/types.go:182.50,184.65 2 1
github.com/LastMile-Innovations/snid/types.go:184.65,186.3 1 0
github.com/LastMile-Innovations/snid/types.go:187.2,188.58 2 1
github.com/LastMile-Innovations/snid/types.go:188.58,192.3 3 1
github.com/LastMile-Innovations/snid/types.go:193.2,195.24 3 1
github.com/LastMile-Innovations/snid/types.go:195.24,197.3 1 0
github.com/LastMile-Innovations/snid/types.go:198.2,200.54 3 1
github.com/LastMile-Innovations/snid/types.go:200.54,202.3 1 0
github.com/LastMile-Innovations/snid/types.go:203.2,203.66 1 1
github.com/LastMile-Innovations/snid/types.go:214.50,216.2 1 1
github.com/LastMile-Innovations/snid/types.go:219.41,220.16 1 0
github.com/LastMile-Innovations/snid/types.go:220.16,222.3 1 0
github.com/LastMile-Innovations/snid/types.go:223.2,223.34 1 0
github.com/LastMile-Innovations/snid/types.go:230.45,236.2 5 1
github.com/LastMile-Innovations/snid/types.go:239.52,241.15 2 1
github.com/LastMile-Innovations/snid/types.go:241.15,243.3 1 1
github.com/LastMile-Innovations/snid/types.go:244.2,246.16 3 1
github.com/LastMile-Innovations/snid/types.go:246.16,248.3 1 0
github.com/LastMile-Innovations/snid/types.go:249.2,250.16 2 1
github.com/LastMile-Innovations/snid/types.go:250.16,252.3 1 0
github.com/LastMile-Innovations/snid/types.go:253.2,253.57 1 1
github.com/LastMile-Innovations/snid/types.go:264.52,266.2 1 1
github.com/LastMile-Innovations/snid/types.go:269.45,276.2 6 1
github.com/LastMile-Innovations/snid/types.go:279.50,281.65 2 1
github.com/LastMile-Innovations/snid/types.go:281.65,283.3 1 0
github.com/LastMile-Innovations/snid/types.go:284.2,285.62 2 1
github.com/LastMile-Innovations/snid/types.go:285.62,289.3 3 1
github.com/LastMile-Innovations/snid/types.go:290.2,292.24 3 1
github.com/LastMile-Innovations/snid/types.go:292.24,294.3 1 0
github.com/LastMile-Innovations/snid/types.go:295.2,297.56 3 1
github.com/LastMile-Innovations/snid/types.go:297.56,299.3 1 0
github.com/LastMile-Innovations/snid/types.go:300.2,300.68 1 1
github.com/LastMile-Innovations/snid/types.go:308.34,327.2 14 0
github.com/LastMile-Innovations/snid/types.go:330.45,332.2 1 1
github.com/LastMile-Innovations/snid/types.go:340.25,340.54 1 1
github.com/LastMile-Innovations/snid/types.go:349.34,351.22 2 1
github.com/LastMile-Innovations/snid/types.go:351.22,354.3 2 1
github.com/LastMile-Innovations/snid/types.go:357.2,357.35 1 1
github.com/LastMile-Innovations/snid/types.go:365.53,372.22 3 1
github.com/LastMile-Innovations/snid/types.go:372.22,375.3 2 1
github.com/LastMile-Innovations/snid/types.go:378.2,381.27 2 1
github.com/LastMile-Innovations/snid/types.go:381.27,384.3 2 1
github.com/LastMile-Innovations/snid/types.go:387.2,391.35 2 1
github.com/LastMile-Innovations/snid/types.go:397.73,401.16 2 1
github.com/LastMile-Innovations/snid/types.go:401.16,405.3 1 1
github.com/LastMile-Innovations/snid/types.go:407.2,407.49 1 1
github.com/LastMile-Innovations/snid/types.go:411.68,413.16 2 0
github.com/LastMile-Innovations/snid/types.go:413.16,415.3 1 0
github.com/LastMile-Innovations/snid/types.go:416.2,416.35 1 0
github.com/LastMile-Innovations/snid/types.go:420.37,421.39 1 1
github.com/LastMile-Innovations/snid/types.go:421.39,422.105 1 1
github.com/LastMile-Innovations/snid/types.go:422.105,424.4 1 1
github.com/LastMile-Innovations/snid/types.go:425.3,425.15 1 0
github.com/LastMile-Innovations/snid/types.go:425.15,427.4 1 0
github.com/LastMile-Innovations/snid/types.go:428.3,428.12 1 0
github.com/LastMile-Innovations/snid/types.go:433.42,437.2 3 1
github.com/LastMile-Innovations/snid/types.go:440.54,442.43 2 1
github.com/LastMile-Innovations/snid/types.go:442.43,444.3 1 1
github.com/LastMile-Innovations/snid/types.go:445.2,447.17 3 1
github.com/LastMile-Innovations/snid/types.go:451.53,453.2 1 1
github.com/LastMile-Innovations/snid/types.go:456.62,458.23 2 1
github.com/LastMile-Innovations/snid/types.go:458.23,460.3 1 1
github.com/LastMile-Innovations/snid/types.go:461.2,461.12 1 1
github.com/LastMile-Innovations/snid/types.go:471.75,474.16 3 1
github.com/LastMile-Innovations/snid/types.go:474.16,476.3 1 1
github.com/LastMile-Innovations/snid/types.go:477.2,477.47 1 1
github.com/LastMile-Innovations/snid/types.go:477.47,479.3 1 0
github.com/LastMile-Innovations/snid/types.go:480.2,480.73 1 1
github.com/LastMile-Innovations/snid/types.go:480.73,482.3 1 0
github.com/LastMile-Innovations/snid/types.go:483.2,483.60 1 1
github.com/LastMile-Innovations/snid/types.go:483.60,485.3 1 0
github.com/LastMile-Innovations/snid/types.go:486.2,486.22 1 1
github.com/LastMile-Innovations/snid/unified.go:26.44,27.25 1 0
github.com/LastMile-Innovations/snid/unified.go:27.25,31.3 3 0
github.com/LastMile-Innovations/snid/unified.go:35.56,36.25 1 0
github.com/LastMile-Innovations/snid/unified.go:36.25,41.3 4 0
github.com/LastMile-Innovations/snid/unified.go:45.56,46.25 1 0
github.com/LastMile-Innovations/snid/unified.go:46.25,51.3 4 0
github.com/LastMile-Innovations/snid/unified.go:55.24,56.25 1 0
github.com/LastMile-Innovations/snid/unified.go:56.25,58.3 1 0
github.com/LastMile-Innovations/snid/unified.go:63.38,64.20 1 0
github.com/LastMile-Innovations/snid/unified.go:64.20,66.3 1 0
github.com/LastMile-Innovations/snid/unified.go:68.2,69.27 2 0
github.com/LastMile-Innovations/snid/unified.go:69.27,71.3 1 0
github.com/LastMile-Innovations/snid/unified.go:73.2,73.18 1 0
github.com/LastMile-Innovations/snid/unified.go:74.19,75.38 1 0
github.com/LastMile-Innovations/snid/unified.go:76.17,77.53 1 0
github.com/LastMile-Innovations/snid/unified.go:78.19,79.56 1 0
github.com/LastMile-Innovations/snid/unified.go:80.16,81.19 1 0
github.com/LastMile-Innovations/snid/unified.go:84.2,84.18 1 0
github.com/LastMile-Innovations/snid/unified.go:89.36,90.27 1 0
github.com/LastMile-Innovations/snid/unified.go:90.27,92.3 1 0
github.com/LastMile-Innovations/snid/unified.go:93.2,93.18 1 0
github.com/LastMile-Innovations/snid/uuidv7.go:15.21,17.2 1 1
github.com/LastMile-Innovations/snid/uuidv7.go:23.41,25.2 1 1
github.com/LastMile-Innovations/snid/uuidv7.go:28.22,30.2 1 0
github.com/LastMile-Innovations/snid/uuidv7.go:34.35,38.2 3 1
github.com/LastMile-Innovations/snid/uuidv7.go:42.42,45.18 2 1
github.com/LastMile-Innovations/snid/uuidv7.go:45.18,47.3 1 1
github.com/LastMile-Innovations/snid/uuidv7.go:49.2,51.16 3 1
github.com/LastMile-Innovations/snid/uuidv7.go:56.34,60.2 3 1
github.com/LastMile-Innovations/snid/uuidv7.go:64.44,66.16 2 1
github.com/LastMile-Innovations/snid/uuidv7.go:66.16,68.3 1 1
github.com/LastMile-Innovations/snid/uuidv7.go:69.2,69.22 1 1
github.com/LastMile-Innovations/snid/wire.go:25.13,28.2 2 1
github.com/LastMile-Innovations/snid/wire.go:30.43,31.47 1 1
github.com/LastMile-Innovations/snid/wire.go:32.35,33.19 1 1
github.com/LastMile-Innovations/snid/wire.go:34.25,35.24 1 0
github.com/LastMile-Innovations/snid/wire.go:36.10,37.19 1 0
github.com/LastMile-Innovations/snid/wire.go:41.42,42.13 1 1
github.com/LastMile-Innovations/snid/wire.go:42.13,44.3 1 1
github.com/LastMile-Innovations/snid/wire.go:45.2,45.47 1 0
github.com/LastMile-Innovations/snid/wire.go:46.33,47.15 1 0
github.com/LastMile-Innovations/snid/wire.go:48.10,49.14 1 0
github.com/LastMile-Innovations/snid/wire.go:53.44,54.25 1 1
github.com/LastMile-Innovations/snid/wire.go:54.25,56.3 1 1
github.com/LastMile-Innovations/snid/wire.go:57.2,57.12 1 1
github.com/LastMile-Innovations/snid/wire.go:60.49,61.18 1 1
github.com/LastMile-Innovations/snid/wire.go:61.18,63.3 1 1
github.com/LastMile-Innovations/snid/wire.go:64.2,64.18 1 1
github.com/LastMile-Innovations/snid/wire.go:68.37,70.2 1 1
github.com/LastMile-Innovations/snid/wire.go:73.41,75.2 1 1
github.com/LastMile-Innovations/snid/wire.go:78.30,80.2 1 1
github.com/LastMile-Innovations/snid/wire.go:83.34,85.2 1 1
github.com/LastMile-Innovations/snid/wire.go:88.59,90.2 1 1
github.com/LastMile-Innovations/snid/wire.go:92.38,93.25 1 1
github.com/LastMile-Innovations/snid/wire.go:93.25,96.3 2 1
github.com/LastMile-Innovations/snid/wire.go:97.2,97.24 1 1
github.com/LastMile-Innovations/snid/neo4j/adapter.go:10.41,14.2 3 1
github.com/LastMile-Innovations/snid/neo4j/adapter.go:17.45,21.2 3 0
github.com/LastMile-Innovations/snid/neo4j/adapter.go:24.52,25.27 1 1
github.com/LastMile-Innovations/snid/neo4j/adapter.go:26.14,27.27 1 1
github.com/LastMile-Innovations/snid/neo4j/adapter.go:28.16,29.30 1 0
github.com/LastMile-Innovations/snid/neo4j/adapter.go:30.14,31.19 1 0
github.com/LastMile-Innovations/snid/neo4j/adapter.go:31.19,33.4 1 0
github.com/LastMile-Innovations/snid/neo4j/adapter.go:34.3,35.17 2 0
github.com/LastMile-Innovations/snid/neo4j/adapter.go:36.10,37.82 1 0
github.com/LastMile-Innovations/snid/neo4j/adapter.go:42.75,43.19 1 1
github.com/LastMile-Innovations/snid/neo4j/adapter.go:43.19,45.3 1 1
github.com/LastMile-Innovations/snid/neo4j/adapter.go:46.2,47.15 2 1
github.com/LastMile-Innovations/snid/neo4j/adapter.go:51.79,52.19 1 0
github.com/LastMile-Innovations/snid/neo4j/adapter.go:52.19,54.3 1 0
github.com/LastMile-Innovations/snid/neo4j/adapter.go:55.2,58.15 4 0
github.com/LastMile-Innovations/snid/neo4j/adapter.go:62.56,64.2 1 0
github.com/LastMile-Innovations/snid/neo4j/adapter.go:66.49,68.26 2 0
github.com/LastMile-Innovations/snid/neo4j/adapter.go:68.26,70.10 2 0
github.com/LastMile-Innovations/snid/neo4j/adapter.go:70.10,72.4 1 0
github.com/LastMile-Innovations/snid/neo4j/adapter.go:73.3,74.10 2 0
github.com/LastMile-Innovations/snid/neo4j/adapter.go:74.10,76.4 1 0
github.com/LastMile-Innovations/snid/neo4j/adapter.go:77.3,77.26 1 0
github.com/LastMile-Innovations/snid/neo4j/adapter.go:79.2,79.17 1 0
github.com/LastMile-Innovations/snid/neo4j/adapter.go:82.41,83.9 1 0
github.com/LastMile-Innovations/snid/neo4j/adapter.go:84.28,85.23 1 0
github.com/LastMile-Innovations/snid/neo4j/adapter.go:86.28,87.28 1 0
github.com/LastMile-Innovations/snid/neo4j/adapter.go:88.28,89.28 1 0
github.com/LastMile-Innovations/snid/neo4j/adapter.go:90.10,91.18 1 0
